TN:
SF:services\evenOdd.js
FN:2,check
FNF:1
FNH:1
FNDA:2,check
DA:1,1
DA:2,1
DA:3,2
DA:4,1
DA:5,1
DA:6,1
DA:7,0
DA:8,0
DA:9,2
DA:10,1
LF:10
LH:8
BRDA:2,0,0,2
BRDA:3,1,0,1
BRDA:7,2,0,0
BRF:3
BRH:2
end_of_record
TN:
SF:services\math.js
FN:2,sum
FN:5,sub
FN:8,mult
FN:11,div
FNF:4
FNH:4
FNDA:1,sum
FNDA:1,sub
FNDA:1,mult
FNDA:1,div
DA:1,1
DA:2,1
DA:3,1
DA:4,1
DA:5,1
DA:6,1
DA:7,1
DA:8,1
DA:9,1
DA:10,1
DA:11,1
DA:12,1
DA:13,1
DA:14,1
LF:14
LH:14
BRDA:2,0,0,1
BRDA:5,1,0,1
BRDA:8,2,0,1
BRDA:11,3,0,1
BRF:4
BRH:4
end_of_record
